<?xml version="1.0" encoding="UTF-8"?>
<!-- Generated by org.testng.reporters.JUnitXMLReporter -->
<testsuite ignored="1" hostname="LAPTOP-9O068DHJ" failures="0" tests="1" name="Default test" time="21.561" errors="0" timestamp="2025-06-23T16:08:40 EDT">
  <testcase classname="com.firebasetest.FireBaseAutomationTest$FirebaseAutomationTest" name="VaildLogin_FireBase_TestScript" time="21.494"/>
  <testcase classname="com.firebasetest.FireBaseAutomationTest$FirebaseAutomationTest" name="errorLogin_FireBase_TestScript" time="0.0">
    <ignored/>
  </testcase> <!-- errorLogin_FireBase_TestScript -->
</testsuite> <!-- Default test -->
